<?xml version="1.0" encoding="UTF-8"?><testsuite errors="0" failures="0" name="com.gorest.crudtest.CRUDTest" skipped="0" tests="4" time="9.36" timestamp="2023-06-07T22:30:16.489+01:00[Europe/London]"><testcase classname="com.gorest.crudtest.CRUDTest" name="Creating new user."/><testcase classname="com.gorest.crudtest.CRUDTest" name="Verifying user was created."/><testcase classname="com.gorest.crudtest.CRUDTest" name="Updating the user and verifying updated information."/><testcase classname="com.gorest.crudtest.CRUDTest" name="Deleting the user and verifying user was deleted."/></testsuite>